  DBOBlock.cpp
  DBOData.cpp
  DBOEffects.cpp
  DBOExternals.cpp
  DBOFile.cpp
  DBOFormat.cpp
  DBOFrame.cpp
..\..\Shared\DBOFormat\DBOFrame.cpp(117): warning C4244: 'initializing': conversion from 'double' to 'int', possible loss of data
..\..\Shared\DBOFormat\DBOFrame.cpp(134): warning C4244: '=': conversion from 'double' to 'int', possible loss of data
..\..\Shared\DBOFormat\DBOFrame.cpp(138): warning C4018: '>=': signed/unsigned mismatch
..\..\Shared\DBOFormat\DBOFrame.cpp(160): warning C4244: 'initializing': conversion from 'double' to 'int', possible loss of data
..\..\Shared\DBOFormat\DBOFrame.cpp(177): warning C4244: '=': conversion from 'double' to 'int', possible loss of data
..\..\Shared\DBOFormat\DBOFrame.cpp(181): warning C4018: '>=': signed/unsigned mismatch
..\..\Shared\DBOFormat\DBOFrame.cpp(203): warning C4244: 'initializing': conversion from 'double' to 'int', possible loss of data
..\..\Shared\DBOFormat\DBOFrame.cpp(220): warning C4244: '=': conversion from 'double' to 'int', possible loss of data
..\..\Shared\DBOFormat\DBOFrame.cpp(224): warning C4018: '>=': signed/unsigned mismatch
..\..\Shared\DBOFormat\DBOFrame.cpp(276): warning C4244: 'initializing': conversion from 'double' to 'int', possible loss of data
..\..\Shared\DBOFormat\DBOFrame.cpp(293): warning C4244: '=': conversion from 'double' to 'int', possible loss of data
..\..\Shared\DBOFormat\DBOFrame.cpp(297): warning C4018: '>=': signed/unsigned mismatch
  DBOMesh.cpp
..\..\Shared\DBOFormat\DBOMesh.cpp(3169): warning C4838: conversion from 'DWORD' to 'int' requires a narrowing conversion
  DBORawMesh.cpp
  NVMeshMenderD3DX.cpp
  CError.cpp
  ConvMDL.cpp
  Generating Code...
     Creating library .\Debug/ConvMDL.lib and object .\Debug/ConvMDL.exp
  ConvMDL.vcxproj -> C:\Users\lrgmo\Documents\GitHub\Dark-Basic-Pro\Dark Basic Public Shared\Dark Basic Pro SDK\DarkSDK\ConvMDL\..\..\..\..\Install\Compiler\plugins\ConvMDL.dll
  ConvMDL.vcxproj -> .\Debug/ConvMDL.pdb (Full PDB)
