  TransformsAPI.cpp
  Transform.cpp
  OptimizedMath.cpp
C:\Users\lrgmo\Documents\GitHub\Dark-Basic-Pro\SDK\DB3\DB3Math.h(166): warning C4244: 'return': conversion from 'double' to 'db3::f32', possible loss of data
  ..\..\Shared\Transforms\OptimizedMath.cpp(637): note: see reference to function template instantiation 'T db3::ACos<T>(T)' being compiled
          with
          [
              T=db3::f32
          ]
C:\Users\lrgmo\Documents\GitHub\Dark-Basic-Pro\SDK\DB3\DB3Math.h(146): warning C4244: 'return': conversion from 'double' to 'float', possible loss of data
  C:\Users\lrgmo\Documents\GitHub\Dark-Basic-Pro\SDK\DB3\DB3Math.h(154): note: see reference to function template instantiation 'T db3::SinPrec<T>(T)' being compiled
          with
          [
              T=float
          ]
  ..\..\Shared\Transforms\OptimizedMath.cpp(642): note: see reference to function template instantiation 'T db3::Sin<float>(T)' being compiled
          with
          [
              T=float
          ]
C:\Users\lrgmo\Documents\GitHub\Dark-Basic-Pro\SDK\DB3\DB3Math.h(148): warning C4244: 'return': conversion from 'double' to 'float', possible loss of data
  C:\Users\lrgmo\Documents\GitHub\Dark-Basic-Pro\SDK\DB3\DB3Math.h(152): note: see reference to function template instantiation 'T db3::CosPrec<T>(T)' being compiled
          with
          [
              T=float
          ]
  ..\..\Shared\Transforms\OptimizedMath.cpp(643): note: see reference to function template instantiation 'T db3::Cos<float>(T)' being compiled
          with
          [
              T=float
          ]
  Generating Code...
C:\Program Files (x86)\Microsoft Visual Studio\2017\Community\Common7\IDE\VC\VCTargets\Microsoft.CppBuild.targets(1198,5): warning MSB8012: TargetPath(C:\Users\lrgmo\Documents\GitHub\Dark-Basic-Pro\Dark Basic Public Shared\Dark Basic Pro SDK\DarkSDK\Transforms\..\..\..\..\Install\Compiler\plugins\Transforms.dll) does not match the Linker's OutputFile property value (D:\TGCSHARED\fpsc-reloaded\FPS Creator Files\DBProTransformsDebug.dll). This may cause your project to build incorrectly. To correct this, please make sure that $(OutDir), $(TargetName) and $(TargetExt) property values match the value specified in %(Link.OutputFile).
C:\Program Files (x86)\Microsoft Visual Studio\2017\Community\Common7\IDE\VC\VCTargets\Microsoft.CppBuild.targets(1200,5): warning MSB8012: TargetName(Transforms) does not match the Linker's OutputFile property value (DBProTransformsDebug). This may cause your project to build incorrectly. To correct this, please make sure that $(OutDir), $(TargetName) and $(TargetExt) property values match the value specified in %(Link.OutputFile).
     Creating library C:\Users\lrgmo\Documents\GitHub\Dark-Basic-Pro\Dark Basic Public Shared\Dark Basic Pro SDK\DarkSDK\Transforms\..\..\..\..\Install\Compiler\plugins\Transforms.lib and object C:\Users\lrgmo\Documents\GitHub\Dark-Basic-Pro\Dark Basic Public Shared\Dark Basic Pro SDK\DarkSDK\Transforms\..\..\..\..\Install\Compiler\plugins\Transforms.exp
  Transforms.vcxproj -> C:\Users\lrgmo\Documents\GitHub\Dark-Basic-Pro\Dark Basic Public Shared\Dark Basic Pro SDK\DarkSDK\Transforms\..\..\..\..\Install\Compiler\plugins\Transforms.dll
  Transforms.vcxproj -> C:\Users\lrgmo\Documents\GitHub\Dark-Basic-Pro\Dark Basic Public Shared\Dark Basic Pro SDK\DarkSDK\Transforms\..\..\..\..\Install\Compiler\plugins\Transforms.pdb (Partial PDB)
