  DBOBlock.cpp
  DBOData.cpp
  DBOEffects.cpp
  DBOExternals.cpp
  DBOFile.cpp
  DBOFormat.cpp
  DBOFrame.cpp
..\..\SHARED\DBOFORMAT\DBOFrame.cpp(117): warning C4244: 'initializing': conversion from 'double' to 'int', possible loss of data
..\..\SHARED\DBOFORMAT\DBOFrame.cpp(134): warning C4244: '=': conversion from 'double' to 'int', possible loss of data
..\..\SHARED\DBOFORMAT\DBOFrame.cpp(138): warning C4018: '>=': signed/unsigned mismatch
..\..\SHARED\DBOFORMAT\DBOFrame.cpp(160): warning C4244: 'initializing': conversion from 'double' to 'int', possible loss of data
..\..\SHARED\DBOFORMAT\DBOFrame.cpp(177): warning C4244: '=': conversion from 'double' to 'int', possible loss of data
..\..\SHARED\DBOFORMAT\DBOFrame.cpp(181): warning C4018: '>=': signed/unsigned mismatch
..\..\SHARED\DBOFORMAT\DBOFrame.cpp(203): warning C4244: 'initializing': conversion from 'double' to 'int', possible loss of data
..\..\SHARED\DBOFORMAT\DBOFrame.cpp(220): warning C4244: '=': conversion from 'double' to 'int', possible loss of data
..\..\SHARED\DBOFORMAT\DBOFrame.cpp(224): warning C4018: '>=': signed/unsigned mismatch
..\..\SHARED\DBOFORMAT\DBOFrame.cpp(276): warning C4244: 'initializing': conversion from 'double' to 'int', possible loss of data
..\..\SHARED\DBOFORMAT\DBOFrame.cpp(293): warning C4244: '=': conversion from 'double' to 'int', possible loss of data
..\..\SHARED\DBOFORMAT\DBOFrame.cpp(297): warning C4018: '>=': signed/unsigned mismatch
  DBOMesh.cpp
..\..\SHARED\DBOFORMAT\DBOMesh.cpp(3169): warning C4838: conversion from 'DWORD' to 'int' requires a narrowing conversion
  DBORawMesh.cpp
  NVMeshMenderD3DX.cpp
  CError.cpp
  Conv3DS.cpp
  d3dmath.cpp
  Generating Code...
     Creating library .\Debug/Conv3DS.lib and object .\Debug/Conv3DS.exp
  Conv3DS.vcxproj -> C:\Users\lrgmo\Documents\GitHub\Dark-Basic-Pro\Dark Basic Public Shared\Dark Basic Pro SDK\DarkSDK\Conv3DS\..\..\..\..\Install\Compiler\plugins\Conv3DS.dll
  Conv3DS.vcxproj -> .\Debug/Conv3DS.pdb (Full PDB)
