  SteamCheckForWorkshop.cpp
..\..\Shared\Core\SteamCheckForWorkshop.cpp(36): warning C4018: '<': signed/unsigned mismatch
  ADPCMtoWAV.cpp
  Generating Code...
  CSoundC.cpp
  CSoundManagerC.cpp
  dsutil.cpp
  dxutil.cpp
  CError.cpp
  CDataC.cpp
  OggVorbis.cpp
  OggVorbisEncoderAudio.cpp
  OggVorbisEncoderEncode.cpp
  OggVorbisEncoderMain.cpp
  OggVorbisEncoderPlatform.cpp
  DLLMain.cpp
  Generating Code...
C:\Program Files (x86)\Microsoft Visual Studio\2017\Community\Common7\IDE\VC\VCTargets\Microsoft.CppBuild.targets(1198,5): warning MSB8012: TargetPath(C:\Users\lrgmo\Documents\GitHub\Dark-Basic-Pro\Dark Basic Public Shared\Dark Basic Pro SDK\DarkSDK\Sound\..\..\..\..\Install\Compiler\plugins\Sound.dll) does not match the Linker's OutputFile property value (C:\Users\lrgmo\Documents\GitHub\Dark-Basic-Pro\Install\Compiler\plugins\DBProSoundDebug.dll). This may cause your project to build incorrectly. To correct this, please make sure that $(OutDir), $(TargetName) and $(TargetExt) property values match the value specified in %(Link.OutputFile).
C:\Program Files (x86)\Microsoft Visual Studio\2017\Community\Common7\IDE\VC\VCTargets\Microsoft.CppBuild.targets(1200,5): warning MSB8012: TargetName(Sound) does not match the Linker's OutputFile property value (DBProSoundDebug). This may cause your project to build incorrectly. To correct this, please make sure that $(OutDir), $(TargetName) and $(TargetExt) property values match the value specified in %(Link.OutputFile).
     Creating library .\Debug/DBProSoundDebug.lib and object .\Debug/DBProSoundDebug.exp
  Sound.vcxproj -> C:\Users\lrgmo\Documents\GitHub\Dark-Basic-Pro\Dark Basic Public Shared\Dark Basic Pro SDK\DarkSDK\Sound\..\..\..\..\Install\Compiler\plugins\Sound.dll
  Sound.vcxproj -> .\Debug/DBProSoundDebug.pdb (Full PDB)
