cl : Command line warning D9035: option 'Zc:forScope-' has been deprecated and will be removed in a future release
  CBSPFile.cpp
  Loader.cpp
  Unzip.cpp
  Patch.cpp
  Shaders.cpp
  Textures.cpp
..\..\Shared\Q3BSP\Textures.cpp(382): warning C4838: conversion from 'unsigned int' to 'LONG' requires a narrowing conversion
  CError.cpp
  Collision.cpp
  3DMath.cpp
  col_response.cpp
  col_step.cpp
  col_types.cpp
  DLLMain.cpp
  Generating Code...
C:\Program Files (x86)\Microsoft Visual Studio\2017\Community\Common7\IDE\VC\VCTargets\Microsoft.CppBuild.targets(1198,5): warning MSB8012: TargetPath(C:\Users\lrgmo\Documents\GitHub\Dark-Basic-Pro\Dark Basic Public Shared\Dark Basic Pro SDK\DarkSDK\Q3BSP\..\..\..\..\Install\Compiler\plugins\Q3BSP.dll) does not match the Linker's OutputFile property value (C:\Users\lrgmo\Documents\GitHub\Dark-Basic-Pro\Install\Compiler\plugins\DBProQ3BSPDebug.dll). This may cause your project to build incorrectly. To correct this, please make sure that $(OutDir), $(TargetName) and $(TargetExt) property values match the value specified in %(Link.OutputFile).
C:\Program Files (x86)\Microsoft Visual Studio\2017\Community\Common7\IDE\VC\VCTargets\Microsoft.CppBuild.targets(1200,5): warning MSB8012: TargetName(Q3BSP) does not match the Linker's OutputFile property value (DBProQ3BSPDebug). This may cause your project to build incorrectly. To correct this, please make sure that $(OutDir), $(TargetName) and $(TargetExt) property values match the value specified in %(Link.OutputFile).
     Creating library .\Debug/DBProWorld3DDebug.lib and object .\Debug/DBProWorld3DDebug.exp
  Q3BSP.vcxproj -> C:\Users\lrgmo\Documents\GitHub\Dark-Basic-Pro\Dark Basic Public Shared\Dark Basic Pro SDK\DarkSDK\Q3BSP\..\..\..\..\Install\Compiler\plugins\Q3BSP.dll
  Q3BSP.vcxproj -> .\Debug/DBProWorld3DDebug.pdb (Full PDB)
